Lmod Warning:
-------------------------------------------------------------------------------
The following dependent module(s) are not currently loaded: proj/9.2.0
(required by: libgeotiff/1.7.1, libspatialite/5.1.0, gdal/3.9.1)
-------------------------------------------------------------------------------




Attaching package: ‘dplyr’

The following objects are masked from ‘package:stats’:

    filter, lag

The following objects are masked from ‘package:base’:

    intersect, setdiff, setequal, union

Loading required package: Rcpp
Loading 'brms' package (version 2.23.0). Useful instructions
can be found by typing help('brms'). A more detailed introduction
to the package is available through vignette('brms_overview').

Attaching package: ‘brms’

The following object is masked from ‘package:stats’:

    ar

Loading required package: StanHeaders

rstan version 2.32.7 (Stan version 2.32.2)

For execution on a local, multicore CPU with excess RAM we recommend calling
options(mc.cores = parallel::detectCores()).
To avoid recompilation of unchanged Stan programs, we recommend calling
rstan_options(auto_write = TRUE)
For within-chain threading using `reduce_sum()` or `map_rect()` Stan functions,
change `threads_per_chain` option:
rstan_options(threads_per_chain = 1)

Loading required package: permute

Attaching package: ‘tidyr’

The following object is masked from ‘package:rstan’:

    extract

`summarise()` has regrouped the output.
ℹ Summaries were computed grouped by species and sample_pt.
ℹ Output is grouped by species.
ℹ Use `summarise(.groups = "drop_last")` to silence this message.
ℹ Use `summarise(.by = c(species, sample_pt))` for per-operation grouping
  (`?dplyr::dplyr_by`) instead.
`summarise()` has regrouped the output.
ℹ Summaries were computed grouped by species and sample_pt.
ℹ Output is grouped by species.
ℹ Use `summarise(.groups = "drop_last")` to silence this message.
ℹ Use `summarise(.by = c(species, sample_pt))` for per-operation grouping
  (`?dplyr::dplyr_by`) instead.
`summarise()` has regrouped the output.
ℹ Summaries were computed grouped by species and sample_pt.
ℹ Output is grouped by species.
ℹ Use `summarise(.groups = "drop_last")` to silence this message.
ℹ Use `summarise(.by = c(species, sample_pt))` for per-operation grouping
  (`?dplyr::dplyr_by`) instead.
`summarise()` has regrouped the output.
ℹ Summaries were computed grouped by barcode_id, family, and genus.
ℹ Output is grouped by barcode_id and family.
ℹ Use `summarise(.groups = "drop_last")` to silence this message.
ℹ Use `summarise(.by = c(barcode_id, family, genus))` for per-operation
  grouping (`?dplyr::dplyr_by`) instead.
Joining with `by = join_by(barcode_id)`
Joining with `by = join_by(bee1)`
Joining with `by = join_by(bee2)`
Compiling Stan program...
Start sampling
Warning messages:
1: There were 8000 transitions after warmup that exceeded the maximum treedepth. Increase max_treedepth above 10. See
https://mc-stan.org/misc/warnings.html#maximum-treedepth-exceeded 
2: Examine the pairs() plot to diagnose sampling problems
 
3: Bulk Effective Samples Size (ESS) is too low, indicating posterior means and medians may be unreliable.
Running the chains for more iterations may help. See
https://mc-stan.org/misc/warnings.html#bulk-ess 
Error: object 'mixtusfit' not found
Execution halted
